<?xml version="1.0" encoding="UTF-8"?>
<!-- Generated by org.testng.reporters.JUnitReportReporter -->
<testsuite hostname="Vibhutis-MacBook-Pro.local" failures="0" tests="2" name="API_TestCase.localApi" time="2.856" errors="0" timestamp="2024-03-14T11:30:43 GMT" skipped="0">
  <testcase classname="API_TestCase.localApi" name="testUsingHashMap" time="2.812"/>
  <testcase classname="API_TestCase.localApi" name="deleteRecord" time="0.044"/>
</testsuite> <!-- API_TestCase.localApi -->
