<?xml version="1.0" encoding="UTF-8"?>
<!-- Generated by org.testng.reporters.JUnitReportReporter -->
<testsuite hostname="Vibhutis-MacBook-Pro.local" failures="0" tests="2" name="API_TestCase.differentWayToCreatePostRequest" time="2.854" errors="0" timestamp="2024-03-14T08:48:38 GMT" skipped="0">
  <testcase classname="API_TestCase.differentWayToCreatePostRequest" name="testUsingHashMap" time="2.812"/>
  <testcase classname="API_TestCase.differentWayToCreatePostRequest" name="deleteRecord" time="0.042"/>
</testsuite> <!-- API_TestCase.differentWayToCreatePostRequest -->
