<?xml version="1.0" encoding="UTF-8"?>
<!-- Generated by org.testng.reporters.JUnitReportReporter -->
<testsuite hostname="Vibhutis-MacBook-Pro.local" failures="0" tests="4" name="APITestCase.HTTPRequests" time="4.276" errors="0" timestamp="2024-03-14T02:30:18 GMT" skipped="0">
  <testcase classname="APITestCase.HTTPRequests" name="getListUser" time="2.832"/>
  <testcase classname="APITestCase.HTTPRequests" name="createUser" time="0.527"/>
  <testcase classname="APITestCase.HTTPRequests" name="updateUser" time="0.196"/>
  <testcase classname="APITestCase.HTTPRequests" name="deleteUser" time="0.721"/>
</testsuite> <!-- APITestCase.HTTPRequests -->
